This file contains any messages produced by compilers while
running configure, to aid debugging if configure makes a mistake.

It was created by masa-core configure 4.0.0.1019, which was
generated by GNU Autoconf 2.69.  Invocation command line was

  $ ./configure --disable-option-checking --prefix=/usr/local --cache-file=/dev/null --srcdir=.

## --------- ##
## Platform. ##
## --------- ##

hostname = voltar
uname -m = x86_64
uname -r = 3.10.0-1160.36.2.el7.x86_64
uname -s = Linux
uname -v = #1 SMP Wed Jul 21 11:57:15 UTC 2021

/usr/bin/uname -p = x86_64
/bin/uname -X     = unknown

/bin/arch              = x86_64
/usr/bin/arch -k       = unknown
/usr/convex/getsysinfo = unknown
/usr/bin/hostinfo      = unknown
/bin/machine           = unknown
/usr/bin/oslevel       = unknown
/bin/universe          = unknown

PATH: /packages/gcc/7.3/bin
PATH: /usr/local/bin
PATH: /usr/bin
PATH: /usr/local/sbin
PATH: /usr/sbin


## ----------- ##
## Core tests. ##
## ----------- ##

configure:2297: checking for a BSD-compatible install
configure:2365: result: /usr/bin/install -c
configure:2376: checking whether build environment is sane
configure:2431: result: yes
configure:2469: WARNING: 'missing' script is too old or missing
configure:2582: checking for a thread-safe mkdir -p
configure:2621: result: /usr/bin/mkdir -p
configure:2628: checking for gawk
configure:2644: found /usr/bin/gawk
configure:2655: result: gawk
configure:2666: checking whether make sets $(MAKE)
configure:2688: result: yes
configure:2717: checking whether make supports nested variables
configure:2734: result: yes
configure:2866: checking for ranlib
configure:2882: found /usr/bin/ranlib
configure:2893: result: ranlib
configure:2978: checking for g++
configure:2994: found /packages/gcc/7.3/bin/g++
configure:3005: result: g++
configure:3032: checking for C++ compiler version
configure:3041: g++ --version >&5
g++ (GCC) 7.3.0
Copyright (C) 2017 Free Software Foundation, Inc.
This is free software; see the source for copying conditions.  There is NO
warranty; not even for MERCHANTABILITY or FITNESS FOR A PARTICULAR PURPOSE.

configure:3052: $? = 0
configure:3041: g++ -v >&5
Using built-in specs.
COLLECT_GCC=g++
COLLECT_LTO_WRAPPER=/storage/packages/gcc/7.3/bin/../libexec/gcc/x86_64-pc-linux-gnu/7.3.0/lto-wrapper
Target: x86_64-pc-linux-gnu
Configured with: ../gcc-7.3.0/configure --prefix=/packages/gcc/7.3 --enable-multilib --enable-shared --enable-static --enable-threads=posix --with-system-zlib --enable-languages=c,c++,objc,obj-c++,fortran,go,lto --with-gmp-include=/packages/gmp/6.1.2/include --with-gmp-lib=/packages/gmp/6.1.2/lib --with-mpfr-include=/packages/mpfr/3.1.6/include --with-mpfr-lib=/packages/mpfr/3.1.6/lib --with-mpc-include=/packages/mpc/1.0.3/include --with-mpc-lib=/packages/mpc/1.0.3/lib --with-isl-include=/packages/isl/0.18/include --with-isl-lib=/packages/isl/0.18/lib --with-cloog-include=/packages/cloog/0.18.4/include --with-cloog-lib=/packages/cloog/0.18.4/lib
Thread model: posix
gcc version 7.3.0 (GCC) 
configure:3052: $? = 0
configure:3041: g++ -V >&5
g++: error: unrecognized command line option '-V'
g++: fatal error: no input files
compilation terminated.
configure:3052: $? = 1
configure:3041: g++ -qversion >&5
g++: error: unrecognized command line option '-qversion'; did you mean '--version'?
g++: fatal error: no input files
compilation terminated.
configure:3052: $? = 1
configure:3072: checking whether the C++ compiler works
configure:3094: g++    conftest.cpp  >&5
configure:3098: $? = 0
configure:3146: result: yes
configure:3149: checking for C++ compiler default output file name
configure:3151: result: a.out
configure:3157: checking for suffix of executables
configure:3164: g++ -o conftest    conftest.cpp  >&5
configure:3168: $? = 0
configure:3190: result: 
configure:3212: checking whether we are cross compiling
configure:3220: g++ -o conftest    conftest.cpp  >&5
configure:3224: $? = 0
configure:3231: ./conftest
configure:3235: $? = 0
configure:3250: result: no
configure:3255: checking for suffix of object files
configure:3277: g++ -c   conftest.cpp >&5
configure:3281: $? = 0
configure:3302: result: o
configure:3306: checking whether we are using the GNU C++ compiler
configure:3325: g++ -c   conftest.cpp >&5
configure:3325: $? = 0
configure:3334: result: yes
configure:3343: checking whether g++ accepts -g
configure:3363: g++ -c -g  conftest.cpp >&5
configure:3363: $? = 0
configure:3404: result: yes
configure:3438: checking for style of include used by make
configure:3466: result: GNU
configure:3492: checking dependency style of g++
configure:3603: result: gcc3
configure:3666: checking for gcc
configure:3682: found /packages/gcc/7.3/bin/gcc
configure:3693: result: gcc
configure:3922: checking for C compiler version
configure:3931: gcc --version >&5
gcc (GCC) 7.3.0
Copyright (C) 2017 Free Software Foundation, Inc.
This is free software; see the source for copying conditions.  There is NO
warranty; not even for MERCHANTABILITY or FITNESS FOR A PARTICULAR PURPOSE.

configure:3942: $? = 0
configure:3931: gcc -v >&5
Using built-in specs.
COLLECT_GCC=gcc
COLLECT_LTO_WRAPPER=/storage/packages/gcc/7.3/bin/../libexec/gcc/x86_64-pc-linux-gnu/7.3.0/lto-wrapper
Target: x86_64-pc-linux-gnu
Configured with: ../gcc-7.3.0/configure --prefix=/packages/gcc/7.3 --enable-multilib --enable-shared --enable-static --enable-threads=posix --with-system-zlib --enable-languages=c,c++,objc,obj-c++,fortran,go,lto --with-gmp-include=/packages/gmp/6.1.2/include --with-gmp-lib=/packages/gmp/6.1.2/lib --with-mpfr-include=/packages/mpfr/3.1.6/include --with-mpfr-lib=/packages/mpfr/3.1.6/lib --with-mpc-include=/packages/mpc/1.0.3/include --with-mpc-lib=/packages/mpc/1.0.3/lib --with-isl-include=/packages/isl/0.18/include --with-isl-lib=/packages/isl/0.18/lib --with-cloog-include=/packages/cloog/0.18.4/include --with-cloog-lib=/packages/cloog/0.18.4/lib
Thread model: posix
gcc version 7.3.0 (GCC) 
configure:3942: $? = 0
configure:3931: gcc -V >&5
gcc: error: unrecognized command line option '-V'
gcc: fatal error: no input files
compilation terminated.
configure:3942: $? = 1
configure:3931: gcc -qversion >&5
gcc: error: unrecognized command line option '-qversion'; did you mean '--version'?
gcc: fatal error: no input files
compilation terminated.
configure:3942: $? = 1
configure:3946: checking whether we are using the GNU C compiler
configure:3965: gcc -c   conftest.c >&5
configure:3965: $? = 0
configure:3974: result: yes
configure:3983: checking whether gcc accepts -g
configure:4003: gcc -c -g  conftest.c >&5
configure:4003: $? = 0
configure:4044: result: yes
configure:4061: checking for gcc option to accept ISO C89
configure:4124: gcc  -c -g -O2  conftest.c >&5
configure:4124: $? = 0
configure:4137: result: none needed
configure:4159: checking dependency style of gcc
configure:4270: result: gcc3
configure:4290: checking how to run the C preprocessor
configure:4321: gcc -E  conftest.c
configure:4321: $? = 0
configure:4335: gcc -E  conftest.c
conftest.c:11:10: fatal error: ac_nonexistent.h: No such file or directory
 #include <ac_nonexistent.h>
          ^~~~~~~~~~~~~~~~~~
compilation terminated.
configure:4335: $? = 1
configure: failed program was:
| /* confdefs.h */
| #define PACKAGE_NAME "masa-core"
| #define PACKAGE_TARNAME "masa-core"
| #define PACKAGE_VERSION "4.0.0.1019"
| #define PACKAGE_STRING "masa-core 4.0.0.1019"
| #define PACKAGE_BUGREPORT "edans.sandes@gmail.com"
| #define PACKAGE_URL "https://sourceforge.net/projects/cudalign/"
| #define PACKAGE "masa-core"
| #define VERSION "4.0.0.1019"
| /* end confdefs.h.  */
| #include <ac_nonexistent.h>
configure:4360: result: gcc -E
configure:4380: gcc -E  conftest.c
configure:4380: $? = 0
configure:4394: gcc -E  conftest.c
conftest.c:11:10: fatal error: ac_nonexistent.h: No such file or directory
 #include <ac_nonexistent.h>
          ^~~~~~~~~~~~~~~~~~
compilation terminated.
configure:4394: $? = 1
configure: failed program was:
| /* confdefs.h */
| #define PACKAGE_NAME "masa-core"
| #define PACKAGE_TARNAME "masa-core"
| #define PACKAGE_VERSION "4.0.0.1019"
| #define PACKAGE_STRING "masa-core 4.0.0.1019"
| #define PACKAGE_BUGREPORT "edans.sandes@gmail.com"
| #define PACKAGE_URL "https://sourceforge.net/projects/cudalign/"
| #define PACKAGE "masa-core"
| #define VERSION "4.0.0.1019"
| /* end confdefs.h.  */
| #include <ac_nonexistent.h>
configure:4422: checking whether make sets $(MAKE)
configure:4444: result: yes
configure:4460: checking for grep that handles long lines and -e
configure:4518: result: /usr/bin/grep
configure:4523: checking for egrep
configure:4585: result: /usr/bin/grep -E
configure:4590: checking for ANSI C header files
configure:4610: gcc -c -g -O2  conftest.c >&5
configure:4610: $? = 0
configure:4683: gcc -o conftest -g -O2   conftest.c  >&5
configure:4683: $? = 0
configure:4683: ./conftest
configure:4683: $? = 0
configure:4694: result: yes
configure:4707: checking for sys/types.h
configure:4707: gcc -c -g -O2  conftest.c >&5
configure:4707: $? = 0
configure:4707: result: yes
configure:4707: checking for sys/stat.h
configure:4707: gcc -c -g -O2  conftest.c >&5
configure:4707: $? = 0
configure:4707: result: yes
configure:4707: checking for stdlib.h
configure:4707: gcc -c -g -O2  conftest.c >&5
configure:4707: $? = 0
configure:4707: result: yes
configure:4707: checking for string.h
configure:4707: gcc -c -g -O2  conftest.c >&5
configure:4707: $? = 0
configure:4707: result: yes
configure:4707: checking for memory.h
configure:4707: gcc -c -g -O2  conftest.c >&5
configure:4707: $? = 0
configure:4707: result: yes
configure:4707: checking for strings.h
configure:4707: gcc -c -g -O2  conftest.c >&5
configure:4707: $? = 0
configure:4707: result: yes
configure:4707: checking for inttypes.h
configure:4707: gcc -c -g -O2  conftest.c >&5
configure:4707: $? = 0
configure:4707: result: yes
configure:4707: checking for stdint.h
configure:4707: gcc -c -g -O2  conftest.c >&5
configure:4707: $? = 0
configure:4707: result: yes
configure:4707: checking for unistd.h
configure:4707: gcc -c -g -O2  conftest.c >&5
configure:4707: $? = 0
configure:4707: result: yes
configure:4722: checking arpa/inet.h usability
configure:4722: gcc -c -g -O2  conftest.c >&5
configure:4722: $? = 0
configure:4722: result: yes
configure:4722: checking arpa/inet.h presence
configure:4722: gcc -E  conftest.c
configure:4722: $? = 0
configure:4722: result: yes
configure:4722: checking for arpa/inet.h
configure:4722: result: yes
configure:4722: checking for stdlib.h
configure:4722: result: yes
configure:4722: checking for string.h
configure:4722: result: yes
configure:4722: checking sys/socket.h usability
configure:4722: gcc -c -g -O2  conftest.c >&5
configure:4722: $? = 0
configure:4722: result: yes
configure:4722: checking sys/socket.h presence
configure:4722: gcc -E  conftest.c
configure:4722: $? = 0
configure:4722: result: yes
configure:4722: checking for sys/socket.h
configure:4722: result: yes
configure:4722: checking sys/time.h usability
configure:4722: gcc -c -g -O2  conftest.c >&5
configure:4722: $? = 0
configure:4722: result: yes
configure:4722: checking sys/time.h presence
configure:4722: gcc -E  conftest.c
configure:4722: $? = 0
configure:4722: result: yes
configure:4722: checking for sys/time.h
configure:4722: result: yes
configure:4722: checking for unistd.h
configure:4722: result: yes
configure:4722: checking getopt.h usability
configure:4722: gcc -c -g -O2  conftest.c >&5
configure:4722: $? = 0
configure:4722: result: yes
configure:4722: checking getopt.h presence
configure:4722: gcc -E  conftest.c
configure:4722: $? = 0
configure:4722: result: yes
configure:4722: checking for getopt.h
configure:4722: result: yes
configure:4722: checking errno.h usability
configure:4722: gcc -c -g -O2  conftest.c >&5
configure:4722: $? = 0
configure:4722: result: yes
configure:4722: checking errno.h presence
configure:4722: gcc -E  conftest.c
configure:4722: $? = 0
configure:4722: result: yes
configure:4722: checking for errno.h
configure:4722: result: yes
configure:4722: checking wordexp.h usability
configure:4722: gcc -c -g -O2  conftest.c >&5
configure:4722: $? = 0
configure:4722: result: yes
configure:4722: checking wordexp.h presence
configure:4722: gcc -E  conftest.c
configure:4722: $? = 0
configure:4722: result: yes
configure:4722: checking for wordexp.h
configure:4722: result: yes
configure:4739: checking for stdbool.h that conforms to C99
configure:4806: gcc -c -g -O2  conftest.c >&5
configure:4806: $? = 0
configure:4813: result: yes
configure:4815: checking for _Bool
configure:4815: gcc -c -g -O2  conftest.c >&5
configure:4815: $? = 0
configure:4815: gcc -c -g -O2  conftest.c >&5
conftest.c: In function 'main':
conftest.c:66:20: error: expected expression before ')' token
 if (sizeof ((_Bool)))
                    ^
configure:4815: $? = 1
configure: failed program was:
| /* confdefs.h */
| #define PACKAGE_NAME "masa-core"
| #define PACKAGE_TARNAME "masa-core"
| #define PACKAGE_VERSION "4.0.0.1019"
| #define PACKAGE_STRING "masa-core 4.0.0.1019"
| #define PACKAGE_BUGREPORT "edans.sandes@gmail.com"
| #define PACKAGE_URL "https://sourceforge.net/projects/cudalign/"
| #define PACKAGE "masa-core"
| #define VERSION "4.0.0.1019"
| #define STDC_HEADERS 1
| #define HAVE_SYS_TYPES_H 1
| #define HAVE_SYS_STAT_H 1
| #define HAVE_STDLIB_H 1
| #define HAVE_STRING_H 1
| #define HAVE_MEMORY_H 1
| #define HAVE_STRINGS_H 1
| #define HAVE_INTTYPES_H 1
| #define HAVE_STDINT_H 1
| #define HAVE_UNISTD_H 1
| #define HAVE_ARPA_INET_H 1
| #define HAVE_STDLIB_H 1
| #define HAVE_STRING_H 1
| #define HAVE_SYS_SOCKET_H 1
| #define HAVE_SYS_TIME_H 1
| #define HAVE_UNISTD_H 1
| #define HAVE_GETOPT_H 1
| #define HAVE_ERRNO_H 1
| #define HAVE_WORDEXP_H 1
| /* end confdefs.h.  */
| #include <stdio.h>
| #ifdef HAVE_SYS_TYPES_H
| # include <sys/types.h>
| #endif
| #ifdef HAVE_SYS_STAT_H
| # include <sys/stat.h>
| #endif
| #ifdef STDC_HEADERS
| # include <stdlib.h>
| # include <stddef.h>
| #else
| # ifdef HAVE_STDLIB_H
| #  include <stdlib.h>
| # endif
| #endif
| #ifdef HAVE_STRING_H
| # if !defined STDC_HEADERS && defined HAVE_MEMORY_H
| #  include <memory.h>
| # endif
| # include <string.h>
| #endif
| #ifdef HAVE_STRINGS_H
| # include <strings.h>
| #endif
| #ifdef HAVE_INTTYPES_H
| # include <inttypes.h>
| #endif
| #ifdef HAVE_STDINT_H
| # include <stdint.h>
| #endif
| #ifdef HAVE_UNISTD_H
| # include <unistd.h>
| #endif
| int
| main ()
| {
| if (sizeof ((_Bool)))
| 	    return 0;
|   ;
|   return 0;
| }
configure:4815: result: yes
configure:4832: checking for inline
configure:4848: gcc -c -g -O2  conftest.c >&5
configure:4848: $? = 0
configure:4856: result: inline
configure:4874: checking for size_t
configure:4874: gcc -c -g -O2  conftest.c >&5
configure:4874: $? = 0
configure:4874: gcc -c -g -O2  conftest.c >&5
conftest.c: In function 'main':
conftest.c:68:21: error: expected expression before ')' token
 if (sizeof ((size_t)))
                     ^
configure:4874: $? = 1
configure: failed program was:
| /* confdefs.h */
| #define PACKAGE_NAME "masa-core"
| #define PACKAGE_TARNAME "masa-core"
| #define PACKAGE_VERSION "4.0.0.1019"
| #define PACKAGE_STRING "masa-core 4.0.0.1019"
| #define PACKAGE_BUGREPORT "edans.sandes@gmail.com"
| #define PACKAGE_URL "https://sourceforge.net/projects/cudalign/"
| #define PACKAGE "masa-core"
| #define VERSION "4.0.0.1019"
| #define STDC_HEADERS 1
| #define HAVE_SYS_TYPES_H 1
| #define HAVE_SYS_STAT_H 1
| #define HAVE_STDLIB_H 1
| #define HAVE_STRING_H 1
| #define HAVE_MEMORY_H 1
| #define HAVE_STRINGS_H 1
| #define HAVE_INTTYPES_H 1
| #define HAVE_STDINT_H 1
| #define HAVE_UNISTD_H 1
| #define HAVE_ARPA_INET_H 1
| #define HAVE_STDLIB_H 1
| #define HAVE_STRING_H 1
| #define HAVE_SYS_SOCKET_H 1
| #define HAVE_SYS_TIME_H 1
| #define HAVE_UNISTD_H 1
| #define HAVE_GETOPT_H 1
| #define HAVE_ERRNO_H 1
| #define HAVE_WORDEXP_H 1
| #define HAVE__BOOL 1
| #define HAVE_STDBOOL_H 1
| /* end confdefs.h.  */
| #include <stdio.h>
| #ifdef HAVE_SYS_TYPES_H
| # include <sys/types.h>
| #endif
| #ifdef HAVE_SYS_STAT_H
| # include <sys/stat.h>
| #endif
| #ifdef STDC_HEADERS
| # include <stdlib.h>
| # include <stddef.h>
| #else
| # ifdef HAVE_STDLIB_H
| #  include <stdlib.h>
| # endif
| #endif
| #ifdef HAVE_STRING_H
| # if !defined STDC_HEADERS && defined HAVE_MEMORY_H
| #  include <memory.h>
| # endif
| # include <string.h>
| #endif
| #ifdef HAVE_STRINGS_H
| # include <strings.h>
| #endif
| #ifdef HAVE_INTTYPES_H
| # include <inttypes.h>
| #endif
| #ifdef HAVE_STDINT_H
| # include <stdint.h>
| #endif
| #ifdef HAVE_UNISTD_H
| # include <unistd.h>
| #endif
| int
| main ()
| {
| if (sizeof ((size_t)))
| 	    return 0;
|   ;
|   return 0;
| }
configure:4874: result: yes
configure:4890: checking for pid_t
configure:4890: gcc -c -g -O2  conftest.c >&5
configure:4890: $? = 0
configure:4890: gcc -c -g -O2  conftest.c >&5
conftest.c: In function 'main':
conftest.c:68:20: error: expected expression before ')' token
 if (sizeof ((pid_t)))
                    ^
configure:4890: $? = 1
configure: failed program was:
| /* confdefs.h */
| #define PACKAGE_NAME "masa-core"
| #define PACKAGE_TARNAME "masa-core"
| #define PACKAGE_VERSION "4.0.0.1019"
| #define PACKAGE_STRING "masa-core 4.0.0.1019"
| #define PACKAGE_BUGREPORT "edans.sandes@gmail.com"
| #define PACKAGE_URL "https://sourceforge.net/projects/cudalign/"
| #define PACKAGE "masa-core"
| #define VERSION "4.0.0.1019"
| #define STDC_HEADERS 1
| #define HAVE_SYS_TYPES_H 1
| #define HAVE_SYS_STAT_H 1
| #define HAVE_STDLIB_H 1
| #define HAVE_STRING_H 1
| #define HAVE_MEMORY_H 1
| #define HAVE_STRINGS_H 1
| #define HAVE_INTTYPES_H 1
| #define HAVE_STDINT_H 1
| #define HAVE_UNISTD_H 1
| #define HAVE_ARPA_INET_H 1
| #define HAVE_STDLIB_H 1
| #define HAVE_STRING_H 1
| #define HAVE_SYS_SOCKET_H 1
| #define HAVE_SYS_TIME_H 1
| #define HAVE_UNISTD_H 1
| #define HAVE_GETOPT_H 1
| #define HAVE_ERRNO_H 1
| #define HAVE_WORDEXP_H 1
| #define HAVE__BOOL 1
| #define HAVE_STDBOOL_H 1
| /* end confdefs.h.  */
| #include <stdio.h>
| #ifdef HAVE_SYS_TYPES_H
| # include <sys/types.h>
| #endif
| #ifdef HAVE_SYS_STAT_H
| # include <sys/stat.h>
| #endif
| #ifdef STDC_HEADERS
| # include <stdlib.h>
| # include <stddef.h>
| #else
| # ifdef HAVE_STDLIB_H
| #  include <stdlib.h>
| # endif
| #endif
| #ifdef HAVE_STRING_H
| # if !defined STDC_HEADERS && defined HAVE_MEMORY_H
| #  include <memory.h>
| # endif
| # include <string.h>
| #endif
| #ifdef HAVE_STRINGS_H
| # include <strings.h>
| #endif
| #ifdef HAVE_INTTYPES_H
| # include <inttypes.h>
| #endif
| #ifdef HAVE_STDINT_H
| # include <stdint.h>
| #endif
| #ifdef HAVE_UNISTD_H
| # include <unistd.h>
| #endif
| int
| main ()
| {
| if (sizeof ((pid_t)))
| 	    return 0;
|   ;
|   return 0;
| }
configure:4890: result: yes
configure:4903: checking vfork.h usability
configure:4903: gcc -c -g -O2  conftest.c >&5
conftest.c:65:10: fatal error: vfork.h: No such file or directory
 #include <vfork.h>
          ^~~~~~~~~
compilation terminated.
configure:4903: $? = 1
configure: failed program was:
| /* confdefs.h */
| #define PACKAGE_NAME "masa-core"
| #define PACKAGE_TARNAME "masa-core"
| #define PACKAGE_VERSION "4.0.0.1019"
| #define PACKAGE_STRING "masa-core 4.0.0.1019"
| #define PACKAGE_BUGREPORT "edans.sandes@gmail.com"
| #define PACKAGE_URL "https://sourceforge.net/projects/cudalign/"
| #define PACKAGE "masa-core"
| #define VERSION "4.0.0.1019"
| #define STDC_HEADERS 1
| #define HAVE_SYS_TYPES_H 1
| #define HAVE_SYS_STAT_H 1
| #define HAVE_STDLIB_H 1
| #define HAVE_STRING_H 1
| #define HAVE_MEMORY_H 1
| #define HAVE_STRINGS_H 1
| #define HAVE_INTTYPES_H 1
| #define HAVE_STDINT_H 1
| #define HAVE_UNISTD_H 1
| #define HAVE_ARPA_INET_H 1
| #define HAVE_STDLIB_H 1
| #define HAVE_STRING_H 1
| #define HAVE_SYS_SOCKET_H 1
| #define HAVE_SYS_TIME_H 1
| #define HAVE_UNISTD_H 1
| #define HAVE_GETOPT_H 1
| #define HAVE_ERRNO_H 1
| #define HAVE_WORDEXP_H 1
| #define HAVE__BOOL 1
| #define HAVE_STDBOOL_H 1
| /* end confdefs.h.  */
| #include <stdio.h>
| #ifdef HAVE_SYS_TYPES_H
| # include <sys/types.h>
| #endif
| #ifdef HAVE_SYS_STAT_H
| # include <sys/stat.h>
| #endif
| #ifdef STDC_HEADERS
| # include <stdlib.h>
| # include <stddef.h>
| #else
| # ifdef HAVE_STDLIB_H
| #  include <stdlib.h>
| # endif
| #endif
| #ifdef HAVE_STRING_H
| # if !defined STDC_HEADERS && defined HAVE_MEMORY_H
| #  include <memory.h>
| # endif
| # include <string.h>
| #endif
| #ifdef HAVE_STRINGS_H
| # include <strings.h>
| #endif
| #ifdef HAVE_INTTYPES_H
| # include <inttypes.h>
| #endif
| #ifdef HAVE_STDINT_H
| # include <stdint.h>
| #endif
| #ifdef HAVE_UNISTD_H
| # include <unistd.h>
| #endif
| #include <vfork.h>
configure:4903: result: no
configure:4903: checking vfork.h presence
configure:4903: gcc -E  conftest.c
conftest.c:32:10: fatal error: vfork.h: No such file or directory
 #include <vfork.h>
          ^~~~~~~~~
compilation terminated.
configure:4903: $? = 1
configure: failed program was:
| /* confdefs.h */
| #define PACKAGE_NAME "masa-core"
| #define PACKAGE_TARNAME "masa-core"
| #define PACKAGE_VERSION "4.0.0.1019"
| #define PACKAGE_STRING "masa-core 4.0.0.1019"
| #define PACKAGE_BUGREPORT "edans.sandes@gmail.com"
| #define PACKAGE_URL "https://sourceforge.net/projects/cudalign/"
| #define PACKAGE "masa-core"
| #define VERSION "4.0.0.1019"
| #define STDC_HEADERS 1
| #define HAVE_SYS_TYPES_H 1
| #define HAVE_SYS_STAT_H 1
| #define HAVE_STDLIB_H 1
| #define HAVE_STRING_H 1
| #define HAVE_MEMORY_H 1
| #define HAVE_STRINGS_H 1
| #define HAVE_INTTYPES_H 1
| #define HAVE_STDINT_H 1
| #define HAVE_UNISTD_H 1
| #define HAVE_ARPA_INET_H 1
| #define HAVE_STDLIB_H 1
| #define HAVE_STRING_H 1
| #define HAVE_SYS_SOCKET_H 1
| #define HAVE_SYS_TIME_H 1
| #define HAVE_UNISTD_H 1
| #define HAVE_GETOPT_H 1
| #define HAVE_ERRNO_H 1
| #define HAVE_WORDEXP_H 1
| #define HAVE__BOOL 1
| #define HAVE_STDBOOL_H 1
| /* end confdefs.h.  */
| #include <vfork.h>
configure:4903: result: no
configure:4903: checking for vfork.h
configure:4903: result: no
configure:4916: checking for fork
configure:4916: gcc -o conftest -g -O2   conftest.c  >&5
conftest.c:55:6: warning: conflicting types for built-in function 'fork' [-Wbuiltin-declaration-mismatch]
 char fork ();
      ^~~~
configure:4916: $? = 0
configure:4916: result: yes
configure:4916: checking for vfork
configure:4916: gcc -o conftest -g -O2   conftest.c  >&5
configure:4916: $? = 0
configure:4916: result: yes
configure:4926: checking for working fork
configure:4948: gcc -o conftest -g -O2   conftest.c  >&5
configure:4948: $? = 0
configure:4948: ./conftest
configure:4948: $? = 0
configure:4958: result: yes
configure:4979: checking for working vfork
configure:5089: result: yes
configure:5116: checking for stdlib.h
configure:5116: result: yes
configure:5126: checking for GNU libc compatible malloc
configure:5150: gcc -o conftest -g -O2   conftest.c  >&5
configure:5150: $? = 0
configure:5150: ./conftest
configure:5150: $? = 0
configure:5160: result: yes
configure:5184: checking for gettimeofday
configure:5184: gcc -o conftest -g -O2   conftest.c  >&5
configure:5184: $? = 0
configure:5184: result: yes
configure:5184: checking for inet_ntoa
configure:5184: gcc -o conftest -g -O2   conftest.c  >&5
configure:5184: $? = 0
configure:5184: result: yes
configure:5184: checking for memset
configure:5184: gcc -o conftest -g -O2   conftest.c  >&5
conftest.c:63:6: warning: conflicting types for built-in function 'memset' [-Wbuiltin-declaration-mismatch]
 char memset ();
      ^~~~~~
configure:5184: $? = 0
configure:5184: result: yes
configure:5184: checking for mkdir
configure:5184: gcc -o conftest -g -O2   conftest.c  >&5
configure:5184: $? = 0
configure:5184: result: yes
configure:5184: checking for pow
configure:5184: gcc -o conftest -g -O2   conftest.c  >&5
conftest.c:65:6: warning: conflicting types for built-in function 'pow' [-Wbuiltin-declaration-mismatch]
 char pow ();
      ^~~
/tmp/ccMfmZvP.o: In function `main':
/home/users/marcofigueiredo/teste/MASA-OpenCL/libs/masa-core/conftest.c:76: undefined reference to `pow'
collect2: error: ld returned 1 exit status
configure:5184: $? = 1
configure: failed program was:
| /* confdefs.h */
| #define PACKAGE_NAME "masa-core"
| #define PACKAGE_TARNAME "masa-core"
| #define PACKAGE_VERSION "4.0.0.1019"
| #define PACKAGE_STRING "masa-core 4.0.0.1019"
| #define PACKAGE_BUGREPORT "edans.sandes@gmail.com"
| #define PACKAGE_URL "https://sourceforge.net/projects/cudalign/"
| #define PACKAGE "masa-core"
| #define VERSION "4.0.0.1019"
| #define STDC_HEADERS 1
| #define HAVE_SYS_TYPES_H 1
| #define HAVE_SYS_STAT_H 1
| #define HAVE_STDLIB_H 1
| #define HAVE_STRING_H 1
| #define HAVE_MEMORY_H 1
| #define HAVE_STRINGS_H 1
| #define HAVE_INTTYPES_H 1
| #define HAVE_STDINT_H 1
| #define HAVE_UNISTD_H 1
| #define HAVE_ARPA_INET_H 1
| #define HAVE_STDLIB_H 1
| #define HAVE_STRING_H 1
| #define HAVE_SYS_SOCKET_H 1
| #define HAVE_SYS_TIME_H 1
| #define HAVE_UNISTD_H 1
| #define HAVE_GETOPT_H 1
| #define HAVE_ERRNO_H 1
| #define HAVE_WORDEXP_H 1
| #define HAVE__BOOL 1
| #define HAVE_STDBOOL_H 1
| #define HAVE_FORK 1
| #define HAVE_VFORK 1
| #define HAVE_WORKING_VFORK 1
| #define HAVE_WORKING_FORK 1
| #define HAVE_STDLIB_H 1
| #define HAVE_MALLOC 1
| #define HAVE_GETTIMEOFDAY 1
| #define HAVE_INET_NTOA 1
| #define HAVE_MEMSET 1
| #define HAVE_MKDIR 1
| /* end confdefs.h.  */
| /* Define pow to an innocuous variant, in case <limits.h> declares pow.
|    For example, HP-UX 11i <limits.h> declares gettimeofday.  */
| #define pow innocuous_pow
| 
| /* System header to define __stub macros and hopefully few prototypes,
|     which can conflict with char pow (); below.
|     Prefer <limits.h> to <assert.h> if __STDC__ is defined, since
|     <limits.h> exists even on freestanding compilers.  */
| 
| #ifdef __STDC__
| # include <limits.h>
| #else
| # include <assert.h>
| #endif
| 
| #undef pow
| 
| /* Override any GCC internal prototype to avoid an error.
|    Use char because int might match the return type of a GCC
|    builtin and then its argument prototype would still apply.  */
| #ifdef __cplusplus
| extern "C"
| #endif
| char pow ();
| /* The GNU C library defines this for functions which it implements
|     to always fail with ENOSYS.  Some functions are actually named
|     something starting with __ and the normal name is an alias.  */
| #if defined __stub_pow || defined __stub___pow
| choke me
| #endif
| 
| int
| main ()
| {
| return pow ();
|   ;
|   return 0;
| }
configure:5184: result: no
configure:5184: checking for socket
configure:5184: gcc -o conftest -g -O2   conftest.c  >&5
configure:5184: $? = 0
configure:5184: result: yes
configure:5184: checking for strcasecmp
configure:5184: gcc -o conftest -g -O2   conftest.c  >&5
conftest.c:66:6: warning: conflicting types for built-in function 'strcasecmp' [-Wbuiltin-declaration-mismatch]
 char strcasecmp ();
      ^~~~~~~~~~
configure:5184: $? = 0
configure:5184: result: yes
configure:5217: Enabling 64bit compilation
configure:5348: checking that generated files are newer than configure
configure:5354: result: done
configure:5381: creating ./config.status

## ---------------------- ##
## Running config.status. ##
## ---------------------- ##

This file was extended by masa-core config.status 4.0.0.1019, which was
generated by GNU Autoconf 2.69.  Invocation command line was

  CONFIG_FILES    = 
  CONFIG_HEADERS  = 
  CONFIG_LINKS    = 
  CONFIG_COMMANDS = 
  $ ./config.status 

on voltar

config.status:884: creating Makefile
config.status:884: creating src/config.h
config.status:1065: src/config.h is unchanged
config.status:1113: executing depfiles commands

## ---------------- ##
## Cache variables. ##
## ---------------- ##

ac_cv_c_compiler_gnu=yes
ac_cv_c_inline=inline
ac_cv_cxx_compiler_gnu=yes
ac_cv_env_CCC_set=
ac_cv_env_CCC_value=
ac_cv_env_CC_set=
ac_cv_env_CC_value=
ac_cv_env_CFLAGS_set=
ac_cv_env_CFLAGS_value=
ac_cv_env_CPPFLAGS_set=
ac_cv_env_CPPFLAGS_value=
ac_cv_env_CPP_set=
ac_cv_env_CPP_value=
ac_cv_env_CXXFLAGS_set=
ac_cv_env_CXXFLAGS_value=
ac_cv_env_CXX_set=
ac_cv_env_CXX_value=
ac_cv_env_LDFLAGS_set=
ac_cv_env_LDFLAGS_value=
ac_cv_env_LIBS_set=
ac_cv_env_LIBS_value=
ac_cv_env_build_alias_set=
ac_cv_env_build_alias_value=
ac_cv_env_host_alias_set=
ac_cv_env_host_alias_value=
ac_cv_env_target_alias_set=
ac_cv_env_target_alias_value=
ac_cv_func_fork=yes
ac_cv_func_fork_works=yes
ac_cv_func_gettimeofday=yes
ac_cv_func_inet_ntoa=yes
ac_cv_func_malloc_0_nonnull=yes
ac_cv_func_memset=yes
ac_cv_func_mkdir=yes
ac_cv_func_pow=no
ac_cv_func_socket=yes
ac_cv_func_strcasecmp=yes
ac_cv_func_vfork=yes
ac_cv_func_vfork_works=yes
ac_cv_header_arpa_inet_h=yes
ac_cv_header_errno_h=yes
ac_cv_header_getopt_h=yes
ac_cv_header_inttypes_h=yes
ac_cv_header_memory_h=yes
ac_cv_header_stdbool_h=yes
ac_cv_header_stdc=yes
ac_cv_header_stdint_h=yes
ac_cv_header_stdlib_h=yes
ac_cv_header_string_h=yes
ac_cv_header_strings_h=yes
ac_cv_header_sys_socket_h=yes
ac_cv_header_sys_stat_h=yes
ac_cv_header_sys_time_h=yes
ac_cv_header_sys_types_h=yes
ac_cv_header_unistd_h=yes
ac_cv_header_vfork_h=no
ac_cv_header_wordexp_h=yes
ac_cv_objext=o
ac_cv_path_EGREP='/usr/bin/grep -E'
ac_cv_path_GREP=/usr/bin/grep
ac_cv_path_install='/usr/bin/install -c'
ac_cv_path_mkdir=/usr/bin/mkdir
ac_cv_prog_AWK=gawk
ac_cv_prog_CPP='gcc -E'
ac_cv_prog_ac_ct_CC=gcc
ac_cv_prog_ac_ct_CXX=g++
ac_cv_prog_ac_ct_RANLIB=ranlib
ac_cv_prog_cc_c89=
ac_cv_prog_cc_g=yes
ac_cv_prog_cxx_g=yes
ac_cv_prog_make_make_set=yes
ac_cv_type__Bool=yes
ac_cv_type_pid_t=yes
ac_cv_type_size_t=yes
am_cv_CC_dependencies_compiler_type=gcc3
am_cv_CXX_dependencies_compiler_type=gcc3
am_cv_make_support_nested_variables=yes

## ----------------- ##
## Output variables. ##
## ----------------- ##

ACLOCAL='aclocal-1.13'
AMDEPBACKSLASH='\'
AMDEP_FALSE='#'
AMDEP_TRUE=''
AMTAR='$${TAR-tar}'
AM_BACKSLASH='\'
AM_DEFAULT_V='$(AM_DEFAULT_VERBOSITY)'
AM_DEFAULT_VERBOSITY='1'
AM_V='$(V)'
AUTOCONF='autoconf'
AUTOHEADER='autoheader'
AUTOMAKE='automake-1.13'
AWK='gawk'
CC='gcc'
CCDEPMODE='depmode=gcc3'
CFLAGS='-g -O2'
COMMONFLAGS='-DUNIX  -m64 -O3'
CPP='gcc -E'
CPPFLAGS=''
CXX='g++'
CXXDEPMODE='depmode=gcc3'
CXXFLAGS=''
CYGPATH_W='echo'
DEFS='-DHAVE_CONFIG_H'
DEPDIR='.deps'
ECHO_C=''
ECHO_N='-n'
ECHO_T=''
EGREP='/usr/bin/grep -E'
EXEEXT=''
GREP='/usr/bin/grep'
INSTALL_DATA='${INSTALL} -m 644'
INSTALL_PROGRAM='${INSTALL}'
INSTALL_SCRIPT='${INSTALL}'
INSTALL_STRIP_PROGRAM='$(install_sh) -c -s'
LDFLAGS=''
LIBOBJS=''
LIBS=''
LTLIBOBJS=''
MAKEINFO='makeinfo'
MKDIR_P='/usr/bin/mkdir -p'
OBJEXT='o'
PACKAGE='masa-core'
PACKAGE_BUGREPORT='edans.sandes@gmail.com'
PACKAGE_NAME='masa-core'
PACKAGE_STRING='masa-core 4.0.0.1019'
PACKAGE_TARNAME='masa-core'
PACKAGE_URL='https://sourceforge.net/projects/cudalign/'
PACKAGE_VERSION='4.0.0.1019'
PATH_SEPARATOR=':'
RANLIB='ranlib'
SET_MAKE=''
SHELL='/bin/sh'
STRIP=''
VERSION='4.0.0.1019'
ac_ct_CC='gcc'
ac_ct_CXX='g++'
am__EXEEXT_FALSE=''
am__EXEEXT_TRUE='#'
am__fastdepCC_FALSE='#'
am__fastdepCC_TRUE=''
am__fastdepCXX_FALSE='#'
am__fastdepCXX_TRUE=''
am__include='include'
am__isrc=''
am__leading_dot='.'
am__nodep='_no'
am__quote=''
am__tar='$${TAR-tar} chof - "$$tardir"'
am__untar='$${TAR-tar} xf -'
bindir='${exec_prefix}/bin'
build_alias=''
datadir='${datarootdir}'
datarootdir='${prefix}/share'
docdir='${datarootdir}/doc/${PACKAGE_TARNAME}'
dvidir='${docdir}'
exec_prefix='${prefix}'
host_alias=''
htmldir='${docdir}'
includedir='${prefix}/include'
infodir='${datarootdir}/info'
install_sh='${SHELL} /home/users/marcofigueiredo/teste/MASA-OpenCL/libs/masa-core/admin/install-sh'
libdir='${exec_prefix}/lib'
libexecdir='${exec_prefix}/libexec'
localedir='${datarootdir}/locale'
localstatedir='${prefix}/var'
mandir='${datarootdir}/man'
mkdir_p='$(MKDIR_P)'
oldincludedir='/usr/include'
pdfdir='${docdir}'
prefix='/usr/local'
program_transform_name='s,x,x,'
psdir='${docdir}'
sbindir='${exec_prefix}/sbin'
sharedstatedir='${prefix}/com'
sysconfdir='${prefix}/etc'
target_alias=''

## ----------- ##
## confdefs.h. ##
## ----------- ##

/* confdefs.h */
#define PACKAGE_NAME "masa-core"
#define PACKAGE_TARNAME "masa-core"
#define PACKAGE_VERSION "4.0.0.1019"
#define PACKAGE_STRING "masa-core 4.0.0.1019"
#define PACKAGE_BUGREPORT "edans.sandes@gmail.com"
#define PACKAGE_URL "https://sourceforge.net/projects/cudalign/"
#define PACKAGE "masa-core"
#define VERSION "4.0.0.1019"
#define STDC_HEADERS 1
#define HAVE_SYS_TYPES_H 1
#define HAVE_SYS_STAT_H 1
#define HAVE_STDLIB_H 1
#define HAVE_STRING_H 1
#define HAVE_MEMORY_H 1
#define HAVE_STRINGS_H 1
#define HAVE_INTTYPES_H 1
#define HAVE_STDINT_H 1
#define HAVE_UNISTD_H 1
#define HAVE_ARPA_INET_H 1
#define HAVE_STDLIB_H 1
#define HAVE_STRING_H 1
#define HAVE_SYS_SOCKET_H 1
#define HAVE_SYS_TIME_H 1
#define HAVE_UNISTD_H 1
#define HAVE_GETOPT_H 1
#define HAVE_ERRNO_H 1
#define HAVE_WORDEXP_H 1
#define HAVE__BOOL 1
#define HAVE_STDBOOL_H 1
#define HAVE_FORK 1
#define HAVE_VFORK 1
#define HAVE_WORKING_VFORK 1
#define HAVE_WORKING_FORK 1
#define HAVE_STDLIB_H 1
#define HAVE_MALLOC 1
#define HAVE_GETTIMEOFDAY 1
#define HAVE_INET_NTOA 1
#define HAVE_MEMSET 1
#define HAVE_MKDIR 1
#define HAVE_SOCKET 1
#define HAVE_STRCASECMP 1

configure: exit 0
